2023-11-02 08:29:55,172 - aqt.main - INFO - installer 15988 aqtinstall(aqt) v3.1.8 on Python 3.9.11 [CPython MSC v.1929 64 bit (AMD64)]
2023-11-02 08:29:55,172 - aqt.main - WARNING - installer 15988 The command 'install' is deprecated and marked for removal in a future version of aqt.
In the future, please use the command 'install-qt' instead.
2023-11-02 08:29:55,187 - aqt.helper - DEBUG - helper 15988 Attempt to download checksum at https://download.qt.io/online/qtsdkrepository/windows_x86/desktop/qt5_5150/Updates.xml.sha256
2023-11-02 08:29:58,077 - aqt.helper - DEBUG - helper 16344 Attempt to download checksum at https://download.qt.io/online/qtsdkrepository/windows_x86/desktop/qt5_5150/qt.qt5.5150.qtvirtualkeyboard.win64_msvc2019_64/5.15.0-0-202005150700qtvirtualkeyboard-Windows-Windows_10-MSVC2019-Windows-Windows_10-X86_64.7z.sha256
2023-11-02 08:29:58,077 - aqt.helper - DEBUG - helper 16172 Attempt to download checksum at https://download.qt.io/online/qtsdkrepository/windows_x86/desktop/qt5_5150/qt.qt5.5150.win64_msvc2019_64/5.15.0-0-202005150700qtconnectivity-Windows-Windows_10-MSVC2019-Windows-Windows_10-X86_64.7z.sha256
2023-11-02 08:29:58,077 - aqt.helper - DEBUG - helper 16300 Attempt to download checksum at https://download.qt.io/online/qtsdkrepository/windows_x86/desktop/qt5_5150/qt.qt5.5150.win64_msvc2019_64/5.15.0-0-202005150700qtmultimedia-Windows-Windows_10-MSVC2019-Windows-Windows_10-X86_64.7z.sha256
2023-11-02 08:29:58,093 - aqt.helper - DEBUG - helper 7404 Attempt to download checksum at https://download.qt.io/online/qtsdkrepository/windows_x86/desktop/qt5_5150/qt.qt5.5150.win64_msvc2019_64/5.15.0-0-202005150700qtgraphicaleffects-Windows-Windows_10-MSVC2019-Windows-Windows_10-X86_64.7z.sha256
2023-11-02 08:29:58,952 - aqt.helper - INFO - helper 16300 Downloading qtmultimedia...
2023-11-02 08:29:58,952 - aqt.installer - DEBUG - installer 16300 Download URL: https://download.qt.io/online/qtsdkrepository/windows_x86/desktop/qt5_5150/qt.qt5.5150.win64_msvc2019_64/5.15.0-0-202005150700qtmultimedia-Windows-Windows_10-MSVC2019-Windows-Windows_10-X86_64.7z
2023-11-02 08:29:58,968 - aqt.helper - INFO - helper 7404 Downloading qtgraphicaleffects...
2023-11-02 08:29:58,968 - aqt.installer - DEBUG - installer 7404 Download URL: https://download.qt.io/online/qtsdkrepository/windows_x86/desktop/qt5_5150/qt.qt5.5150.win64_msvc2019_64/5.15.0-0-202005150700qtgraphicaleffects-Windows-Windows_10-MSVC2019-Windows-Windows_10-X86_64.7z
2023-11-02 08:29:59,046 - aqt.helper - INFO - helper 16172 Downloading qtconnectivity...
2023-11-02 08:29:59,046 - aqt.installer - DEBUG - installer 16172 Download URL: https://download.qt.io/online/qtsdkrepository/windows_x86/desktop/qt5_5150/qt.qt5.5150.win64_msvc2019_64/5.15.0-0-202005150700qtconnectivity-Windows-Windows_10-MSVC2019-Windows-Windows_10-X86_64.7z
2023-11-02 08:29:59,061 - aqt.helper - INFO - helper 16344 Downloading qtvirtualkeyboard...
2023-11-02 08:29:59,061 - aqt.installer - DEBUG - installer 16344 Download URL: https://download.qt.io/online/qtsdkrepository/windows_x86/desktop/qt5_5150/qt.qt5.5150.qtvirtualkeyboard.win64_msvc2019_64/5.15.0-0-202005150700qtvirtualkeyboard-Windows-Windows_10-MSVC2019-Windows-Windows_10-X86_64.7z
2023-11-02 08:29:59,889 - aqt.helper - DEBUG - helper 16300 Asked to redirect(302) to: https://mirrors.cloud.tencent.com/qt/online/qtsdkrepository/windows_x86/desktop/qt5_5150/qt.qt5.5150.win64_msvc2019_64/5.15.0-0-202005150700qtmultimedia-Windows-Windows_10-MSVC2019-Windows-Windows_10-X86_64.7z
2023-11-02 08:29:59,889 - aqt.helper - INFO - helper 16300 Redirected: mirrors.cloud.tencent.com
2023-11-02 08:29:59,921 - aqt.helper - DEBUG - helper 7404 Asked to redirect(302) to: https://mirrors.cloud.tencent.com/qt/online/qtsdkrepository/windows_x86/desktop/qt5_5150/qt.qt5.5150.win64_msvc2019_64/5.15.0-0-202005150700qtgraphicaleffects-Windows-Windows_10-MSVC2019-Windows-Windows_10-X86_64.7z
2023-11-02 08:29:59,921 - aqt.helper - INFO - helper 7404 Redirected: mirrors.cloud.tencent.com
2023-11-02 08:30:00,014 - aqt.helper - DEBUG - helper 16344 Asked to redirect(302) to: https://mirrors.cloud.tencent.com/qt/online/qtsdkrepository/windows_x86/desktop/qt5_5150/qt.qt5.5150.qtvirtualkeyboard.win64_msvc2019_64/5.15.0-0-202005150700qtvirtualkeyboard-Windows-Windows_10-MSVC2019-Windows-Windows_10-X86_64.7z
2023-11-02 08:30:00,014 - aqt.helper - INFO - helper 16344 Redirected: mirrors.cloud.tencent.com
2023-11-02 08:30:00,061 - aqt.helper - DEBUG - helper 16172 Asked to redirect(302) to: https://mirrors.cloud.tencent.com/qt/online/qtsdkrepository/windows_x86/desktop/qt5_5150/qt.qt5.5150.win64_msvc2019_64/5.15.0-0-202005150700qtconnectivity-Windows-Windows_10-MSVC2019-Windows-Windows_10-X86_64.7z
2023-11-02 08:30:00,061 - aqt.helper - INFO - helper 16172 Redirected: mirrors.cloud.tencent.com
2023-11-02 08:30:01,451 - aqt.installer - INFO - installer 7404 Finished installation of qtgraphicaleffects-Windows-Windows_10-MSVC2019-Windows-Windows_10-X86_64.7z in 3.37121700
2023-11-02 08:30:01,467 - aqt.helper - DEBUG - helper 7404 Attempt to download checksum at https://download.qt.io/online/qtsdkrepository/windows_x86/desktop/qt5_5150/qt.qt5.5150.win64_msvc2019_64/5.15.0-0-202005150700qtsvg-Windows-Windows_10-MSVC2019-Windows-Windows_10-X86_64.7z.sha256
2023-11-02 08:30:03,076 - aqt.helper - INFO - helper 7404 Downloading qtsvg...
2023-11-02 08:30:03,076 - aqt.installer - DEBUG - installer 7404 Download URL: https://download.qt.io/online/qtsdkrepository/windows_x86/desktop/qt5_5150/qt.qt5.5150.win64_msvc2019_64/5.15.0-0-202005150700qtsvg-Windows-Windows_10-MSVC2019-Windows-Windows_10-X86_64.7z
2023-11-02 08:30:03,310 - aqt.installer - INFO - installer 16172 Finished installation of qtconnectivity-Windows-Windows_10-MSVC2019-Windows-Windows_10-X86_64.7z in 5.23542150
2023-11-02 08:30:03,326 - aqt.helper - DEBUG - helper 16172 Attempt to download checksum at https://download.qt.io/online/qtsdkrepository/windows_x86/desktop/qt5_5150/qt.qt5.5150.win64_msvc2019_64/5.15.0-0-202005150700qtactiveqt-Windows-Windows_10-MSVC2019-Windows-Windows_10-X86_64.7z.sha256
2023-11-02 08:30:03,420 - aqt.installer - INFO - installer 16300 Finished installation of qtmultimedia-Windows-Windows_10-MSVC2019-Windows-Windows_10-X86_64.7z in 5.33437450
2023-11-02 08:30:03,420 - aqt.helper - DEBUG - helper 16300 Attempt to download checksum at https://download.qt.io/online/qtsdkrepository/windows_x86/desktop/qt5_5150/qt.qt5.5150.win64_msvc2019_64/5.15.0-0-202005150700qttranslations-Windows-Windows_10-MSVC2019-Windows-Windows_10-X86_64.7z.sha256
2023-11-02 08:30:04,029 - aqt.helper - DEBUG - helper 7404 Asked to redirect(302) to: https://mirrors.cloud.tencent.com/qt/online/qtsdkrepository/windows_x86/desktop/qt5_5150/qt.qt5.5150.win64_msvc2019_64/5.15.0-0-202005150700qtsvg-Windows-Windows_10-MSVC2019-Windows-Windows_10-X86_64.7z
2023-11-02 08:30:04,029 - aqt.helper - INFO - helper 7404 Redirected: mirrors.cloud.tencent.com
2023-11-02 08:30:04,232 - aqt.helper - INFO - helper 16172 Downloading qtactiveqt...
2023-11-02 08:30:04,248 - aqt.installer - DEBUG - installer 16172 Download URL: https://download.qt.io/online/qtsdkrepository/windows_x86/desktop/qt5_5150/qt.qt5.5150.win64_msvc2019_64/5.15.0-0-202005150700qtactiveqt-Windows-Windows_10-MSVC2019-Windows-Windows_10-X86_64.7z
2023-11-02 08:30:04,295 - aqt.helper - INFO - helper 16300 Downloading qttranslations...
2023-11-02 08:30:04,295 - aqt.installer - DEBUG - installer 16300 Download URL: https://download.qt.io/online/qtsdkrepository/windows_x86/desktop/qt5_5150/qt.qt5.5150.win64_msvc2019_64/5.15.0-0-202005150700qttranslations-Windows-Windows_10-MSVC2019-Windows-Windows_10-X86_64.7z
2023-11-02 08:30:04,623 - aqt.installer - INFO - installer 7404 Finished installation of qtsvg-Windows-Windows_10-MSVC2019-Windows-Windows_10-X86_64.7z in 3.15915870
2023-11-02 08:30:04,638 - aqt.helper - DEBUG - helper 7404 Attempt to download checksum at https://download.qt.io/online/qtsdkrepository/windows_x86/desktop/qt5_5150/qt.qt5.5150.win64_msvc2019_64/5.15.0-0-202005150700qtdeclarative-Windows-Windows_10-MSVC2019-Windows-Windows_10-X86_64.7z.sha256
2023-11-02 08:30:05,138 - aqt.helper - DEBUG - helper 16300 Asked to redirect(302) to: https://mirrors.cloud.tencent.com/qt/online/qtsdkrepository/windows_x86/desktop/qt5_5150/qt.qt5.5150.win64_msvc2019_64/5.15.0-0-202005150700qttranslations-Windows-Windows_10-MSVC2019-Windows-Windows_10-X86_64.7z
2023-11-02 08:30:05,138 - aqt.helper - INFO - helper 16300 Redirected: mirrors.cloud.tencent.com
2023-11-02 08:30:05,169 - aqt.helper - DEBUG - helper 16172 Asked to redirect(302) to: https://mirrors.cloud.tencent.com/qt/online/qtsdkrepository/windows_x86/desktop/qt5_5150/qt.qt5.5150.win64_msvc2019_64/5.15.0-0-202005150700qtactiveqt-Windows-Windows_10-MSVC2019-Windows-Windows_10-X86_64.7z
2023-11-02 08:30:05,169 - aqt.helper - INFO - helper 16172 Redirected: mirrors.cloud.tencent.com
2023-11-02 08:30:05,513 - aqt.helper - INFO - helper 7404 Downloading qtdeclarative...
2023-11-02 08:30:05,513 - aqt.installer - DEBUG - installer 7404 Download URL: https://download.qt.io/online/qtsdkrepository/windows_x86/desktop/qt5_5150/qt.qt5.5150.win64_msvc2019_64/5.15.0-0-202005150700qtdeclarative-Windows-Windows_10-MSVC2019-Windows-Windows_10-X86_64.7z
2023-11-02 08:30:06,591 - aqt.installer - INFO - installer 16300 Finished installation of qttranslations-Windows-Windows_10-MSVC2019-Windows-Windows_10-X86_64.7z in 3.16144520
2023-11-02 08:30:06,606 - aqt.helper - DEBUG - helper 16300 Attempt to download checksum at https://download.qt.io/online/qtsdkrepository/windows_x86/desktop/qt5_5150/qt.qt5.5150.win64_msvc2019_64/5.15.0-0-202005150700qtimageformats-Windows-Windows_10-MSVC2019-Windows-Windows_10-X86_64.7z.sha256
2023-11-02 08:30:06,638 - aqt.helper - DEBUG - helper 7404 Asked to redirect(302) to: https://mirrors.cloud.tencent.com/qt/online/qtsdkrepository/windows_x86/desktop/qt5_5150/qt.qt5.5150.win64_msvc2019_64/5.15.0-0-202005150700qtdeclarative-Windows-Windows_10-MSVC2019-Windows-Windows_10-X86_64.7z
2023-11-02 08:30:06,638 - aqt.helper - INFO - helper 7404 Redirected: mirrors.cloud.tencent.com
2023-11-02 08:30:07,028 - aqt.installer - INFO - installer 16172 Finished installation of qtactiveqt-Windows-Windows_10-MSVC2019-Windows-Windows_10-X86_64.7z in 3.70133550
2023-11-02 08:30:07,044 - aqt.helper - DEBUG - helper 16172 Attempt to download checksum at https://download.qt.io/online/qtsdkrepository/windows_x86/desktop/qt5_5150/qt.qt5.5150.win64_msvc2019_64/5.15.0-0-202005150700qtxmlpatterns-Windows-Windows_10-MSVC2019-Windows-Windows_10-X86_64.7z.sha256
2023-11-02 08:30:07,653 - aqt.helper - INFO - helper 16300 Downloading qtimageformats...
2023-11-02 08:30:07,653 - aqt.installer - DEBUG - installer 16300 Download URL: https://download.qt.io/online/qtsdkrepository/windows_x86/desktop/qt5_5150/qt.qt5.5150.win64_msvc2019_64/5.15.0-0-202005150700qtimageformats-Windows-Windows_10-MSVC2019-Windows-Windows_10-X86_64.7z
2023-11-02 08:30:08,981 - aqt.helper - INFO - helper 16172 Downloading qtxmlpatterns...
2023-11-02 08:30:08,996 - aqt.installer - DEBUG - installer 16172 Download URL: https://download.qt.io/online/qtsdkrepository/windows_x86/desktop/qt5_5150/qt.qt5.5150.win64_msvc2019_64/5.15.0-0-202005150700qtxmlpatterns-Windows-Windows_10-MSVC2019-Windows-Windows_10-X86_64.7z
2023-11-02 08:30:09,934 - aqt.helper - DEBUG - helper 16300 Asked to redirect(302) to: https://mirrors.cloud.tencent.com/qt/online/qtsdkrepository/windows_x86/desktop/qt5_5150/qt.qt5.5150.win64_msvc2019_64/5.15.0-0-202005150700qtimageformats-Windows-Windows_10-MSVC2019-Windows-Windows_10-X86_64.7z
2023-11-02 08:30:09,934 - aqt.helper - INFO - helper 16300 Redirected: mirrors.cloud.tencent.com
2023-11-02 08:30:10,715 - aqt.helper - DEBUG - helper 16172 Asked to redirect(302) to: https://mirrors.cloud.tencent.com/qt/online/qtsdkrepository/windows_x86/desktop/qt5_5150/qt.qt5.5150.win64_msvc2019_64/5.15.0-0-202005150700qtxmlpatterns-Windows-Windows_10-MSVC2019-Windows-Windows_10-X86_64.7z
2023-11-02 08:30:10,715 - aqt.helper - INFO - helper 16172 Redirected: mirrors.cloud.tencent.com
2023-11-02 08:30:11,137 - aqt.installer - INFO - installer 16300 Finished installation of qtimageformats-Windows-Windows_10-MSVC2019-Windows-Windows_10-X86_64.7z in 4.54721210
2023-11-02 08:30:11,152 - aqt.helper - DEBUG - helper 16300 Attempt to download checksum at https://download.qt.io/online/qtsdkrepository/windows_x86/desktop/qt5_5150/qt.qt5.5150.win64_msvc2019_64/5.15.0-0-202005150700qttools-Windows-Windows_10-MSVC2019-Windows-Windows_10-X86_64.7z.sha256
2023-11-02 08:30:11,683 - aqt.installer - INFO - installer 7404 Finished installation of qtdeclarative-Windows-Windows_10-MSVC2019-Windows-Windows_10-X86_64.7z in 7.05637620
2023-11-02 08:30:11,699 - aqt.helper - DEBUG - helper 7404 Attempt to download checksum at https://download.qt.io/online/qtsdkrepository/windows_x86/desktop/qt5_5150/qt.qt5.5150.win64_msvc2019_64/5.15.0-0-202005150700qtwinextras-Windows-Windows_10-MSVC2019-Windows-Windows_10-X86_64.7z.sha256
2023-11-02 08:30:12,058 - aqt.helper - INFO - helper 16300 Downloading qttools...
2023-11-02 08:30:12,058 - aqt.installer - DEBUG - installer 16300 Download URL: https://download.qt.io/online/qtsdkrepository/windows_x86/desktop/qt5_5150/qt.qt5.5150.win64_msvc2019_64/5.15.0-0-202005150700qttools-Windows-Windows_10-MSVC2019-Windows-Windows_10-X86_64.7z
2023-11-02 08:30:12,667 - aqt.helper - INFO - helper 7404 Downloading qtwinextras...
2023-11-02 08:30:12,667 - aqt.installer - DEBUG - installer 7404 Download URL: https://download.qt.io/online/qtsdkrepository/windows_x86/desktop/qt5_5150/qt.qt5.5150.win64_msvc2019_64/5.15.0-0-202005150700qtwinextras-Windows-Windows_10-MSVC2019-Windows-Windows_10-X86_64.7z
2023-11-02 08:30:12,839 - aqt.helper - DEBUG - helper 16344 Attempt to download checksum at https://download.qt.io/online/qtsdkrepository/windows_x86/desktop/qt5_5150/qt.qt5.5150.win64_msvc2019_64/5.15.0-0-202005150700qtwebsockets-Windows-Windows_10-MSVC2019-Windows-Windows_10-X86_64.7z.sha256
2023-11-02 08:30:12,996 - aqt.helper - DEBUG - helper 16300 Asked to redirect(302) to: https://mirrors.cloud.tencent.com/qt/online/qtsdkrepository/windows_x86/desktop/qt5_5150/qt.qt5.5150.win64_msvc2019_64/5.15.0-0-202005150700qttools-Windows-Windows_10-MSVC2019-Windows-Windows_10-X86_64.7z
2023-11-02 08:30:12,996 - aqt.helper - INFO - helper 16300 Redirected: mirrors.cloud.tencent.com
2023-11-02 08:30:13,074 - aqt.installer - INFO - installer 16172 Finished installation of qtxmlpatterns-Windows-Windows_10-MSVC2019-Windows-Windows_10-X86_64.7z in 6.03917900
2023-11-02 08:30:13,089 - aqt.helper - DEBUG - helper 16172 Attempt to download checksum at https://download.qt.io/online/qtsdkrepository/windows_x86/desktop/qt5_5150/qt.qt5.5150.win64_msvc2019_64/5.15.0-0-202005150700qtsensors-Windows-Windows_10-MSVC2019-Windows-Windows_10-X86_64.7z.sha256
2023-11-02 08:30:14,323 - aqt.helper - DEBUG - helper 7404 Asked to redirect(302) to: https://mirrors.cloud.tencent.com/qt/online/qtsdkrepository/windows_x86/desktop/qt5_5150/qt.qt5.5150.win64_msvc2019_64/5.15.0-0-202005150700qtwinextras-Windows-Windows_10-MSVC2019-Windows-Windows_10-X86_64.7z
2023-11-02 08:30:14,323 - aqt.helper - INFO - helper 7404 Redirected: mirrors.cloud.tencent.com
2023-11-02 08:30:14,542 - aqt.helper - INFO - helper 16344 Downloading qtwebsockets...
2023-11-02 08:30:14,542 - aqt.installer - DEBUG - installer 16344 Download URL: https://download.qt.io/online/qtsdkrepository/windows_x86/desktop/qt5_5150/qt.qt5.5150.win64_msvc2019_64/5.15.0-0-202005150700qtwebsockets-Windows-Windows_10-MSVC2019-Windows-Windows_10-X86_64.7z
2023-11-02 08:30:14,823 - aqt.helper - INFO - helper 16172 Downloading qtsensors...
2023-11-02 08:30:14,823 - aqt.installer - DEBUG - installer 16172 Download URL: https://download.qt.io/online/qtsdkrepository/windows_x86/desktop/qt5_5150/qt.qt5.5150.win64_msvc2019_64/5.15.0-0-202005150700qtsensors-Windows-Windows_10-MSVC2019-Windows-Windows_10-X86_64.7z
2023-11-02 08:30:15,667 - aqt.helper - DEBUG - helper 16344 Asked to redirect(302) to: https://mirrors.cloud.tencent.com/qt/online/qtsdkrepository/windows_x86/desktop/qt5_5150/qt.qt5.5150.win64_msvc2019_64/5.15.0-0-202005150700qtwebsockets-Windows-Windows_10-MSVC2019-Windows-Windows_10-X86_64.7z
2023-11-02 08:30:15,667 - aqt.helper - INFO - helper 16344 Redirected: mirrors.cloud.tencent.com
2023-11-02 08:30:15,901 - aqt.helper - DEBUG - helper 16172 Asked to redirect(302) to: https://mirrors.cloud.tencent.com/qt/online/qtsdkrepository/windows_x86/desktop/qt5_5150/qt.qt5.5150.win64_msvc2019_64/5.15.0-0-202005150700qtsensors-Windows-Windows_10-MSVC2019-Windows-Windows_10-X86_64.7z
2023-11-02 08:30:15,901 - aqt.helper - INFO - helper 16172 Redirected: mirrors.cloud.tencent.com
2023-11-02 08:30:15,948 - aqt.installer - INFO - installer 7404 Finished installation of qtwinextras-Windows-Windows_10-MSVC2019-Windows-Windows_10-X86_64.7z in 4.25575890
2023-11-02 08:30:15,964 - aqt.helper - DEBUG - helper 7404 Attempt to download checksum at https://download.qt.io/online/qtsdkrepository/windows_x86/desktop/qt5_5150/qt.qt5.5150.win64_msvc2019_64/5.15.0-0-202005150700qtlocation-Windows-Windows_10-MSVC2019-Windows-Windows_10-X86_64.7z.sha256
2023-11-02 08:30:16,682 - aqt.installer - INFO - installer 16344 Finished installation of qtwebsockets-Windows-Windows_10-MSVC2019-Windows-Windows_10-X86_64.7z in 3.85423150
2023-11-02 08:30:16,698 - aqt.helper - DEBUG - helper 16344 Attempt to download checksum at https://download.qt.io/online/qtsdkrepository/windows_x86/desktop/qt5_5150/qt.qt5.5150.win64_msvc2019_64/5.15.0-0-202005150700qtwebchannel-Windows-Windows_10-MSVC2019-Windows-Windows_10-X86_64.7z.sha256
2023-11-02 08:30:17,213 - aqt.installer - INFO - installer 16172 Finished installation of qtsensors-Windows-Windows_10-MSVC2019-Windows-Windows_10-X86_64.7z in 4.13754500
2023-11-02 08:30:17,229 - aqt.helper - DEBUG - helper 16172 Attempt to download checksum at https://download.qt.io/online/qtsdkrepository/windows_x86/desktop/qt5_5150/qt.qt5.5150.win64_msvc2019_64/5.15.0-0-202005150700qtquickcontrols-Windows-Windows_10-MSVC2019-Windows-Windows_10-X86_64.7z.sha256
2023-11-02 08:30:17,276 - aqt.helper - INFO - helper 7404 Downloading qtlocation...
2023-11-02 08:30:17,276 - aqt.installer - DEBUG - installer 7404 Download URL: https://download.qt.io/online/qtsdkrepository/windows_x86/desktop/qt5_5150/qt.qt5.5150.win64_msvc2019_64/5.15.0-0-202005150700qtlocation-Windows-Windows_10-MSVC2019-Windows-Windows_10-X86_64.7z
2023-11-02 08:30:18,151 - aqt.helper - INFO - helper 16344 Downloading qtwebchannel...
2023-11-02 08:30:18,151 - aqt.installer - DEBUG - installer 16344 Download URL: https://download.qt.io/online/qtsdkrepository/windows_x86/desktop/qt5_5150/qt.qt5.5150.win64_msvc2019_64/5.15.0-0-202005150700qtwebchannel-Windows-Windows_10-MSVC2019-Windows-Windows_10-X86_64.7z
2023-11-02 08:30:18,400 - aqt.helper - INFO - helper 16172 Downloading qtquickcontrols...
2023-11-02 08:30:18,400 - aqt.installer - DEBUG - installer 16172 Download URL: https://download.qt.io/online/qtsdkrepository/windows_x86/desktop/qt5_5150/qt.qt5.5150.win64_msvc2019_64/5.15.0-0-202005150700qtquickcontrols-Windows-Windows_10-MSVC2019-Windows-Windows_10-X86_64.7z
2023-11-02 08:30:18,447 - aqt.helper - DEBUG - helper 7404 Asked to redirect(302) to: https://mirrors.cloud.tencent.com/qt/online/qtsdkrepository/windows_x86/desktop/qt5_5150/qt.qt5.5150.win64_msvc2019_64/5.15.0-0-202005150700qtlocation-Windows-Windows_10-MSVC2019-Windows-Windows_10-X86_64.7z
2023-11-02 08:30:18,447 - aqt.helper - INFO - helper 7404 Redirected: mirrors.cloud.tencent.com
2023-11-02 08:30:19,353 - aqt.helper - DEBUG - helper 16344 Asked to redirect(302) to: https://mirrors.cloud.tencent.com/qt/online/qtsdkrepository/windows_x86/desktop/qt5_5150/qt.qt5.5150.win64_msvc2019_64/5.15.0-0-202005150700qtwebchannel-Windows-Windows_10-MSVC2019-Windows-Windows_10-X86_64.7z
2023-11-02 08:30:19,353 - aqt.helper - INFO - helper 16344 Redirected: mirrors.cloud.tencent.com
2023-11-02 08:30:19,697 - aqt.helper - DEBUG - helper 16172 Asked to redirect(302) to: https://mirrors.cloud.tencent.com/qt/online/qtsdkrepository/windows_x86/desktop/qt5_5150/qt.qt5.5150.win64_msvc2019_64/5.15.0-0-202005150700qtquickcontrols-Windows-Windows_10-MSVC2019-Windows-Windows_10-X86_64.7z
2023-11-02 08:30:19,697 - aqt.helper - INFO - helper 16172 Redirected: mirrors.cloud.tencent.com
2023-11-02 08:30:20,384 - aqt.installer - INFO - installer 16344 Finished installation of qtwebchannel-Windows-Windows_10-MSVC2019-Windows-Windows_10-X86_64.7z in 3.68429690
2023-11-02 08:30:20,384 - aqt.helper - DEBUG - helper 16344 Attempt to download checksum at https://download.qt.io/online/qtsdkrepository/windows_x86/desktop/qt5_5150/qt.qt5.5150.win64_msvc2019_64/5.15.0-0-202005150700qt3d-Windows-Windows_10-MSVC2019-Windows-Windows_10-X86_64.7z.sha256
2023-11-02 08:30:21,697 - aqt.installer - INFO - installer 16172 Finished installation of qtquickcontrols-Windows-Windows_10-MSVC2019-Windows-Windows_10-X86_64.7z in 4.46953080
2023-11-02 08:30:21,712 - aqt.helper - DEBUG - helper 16172 Attempt to download checksum at https://download.qt.io/online/qtsdkrepository/windows_x86/desktop/qt5_5150/qt.qt5.5150.win64_msvc2019_64/5.15.0-0-202005150700qtquickcontrols2-Windows-Windows_10-MSVC2019-Windows-Windows_10-X86_64.7z.sha256
2023-11-02 08:30:22,025 - aqt.helper - INFO - helper 16344 Downloading qt3d...
2023-11-02 08:30:22,025 - aqt.installer - DEBUG - installer 16344 Download URL: https://download.qt.io/online/qtsdkrepository/windows_x86/desktop/qt5_5150/qt.qt5.5150.win64_msvc2019_64/5.15.0-0-202005150700qt3d-Windows-Windows_10-MSVC2019-Windows-Windows_10-X86_64.7z
2023-11-02 08:30:23,165 - aqt.installer - INFO - installer 7404 Finished installation of qtlocation-Windows-Windows_10-MSVC2019-Windows-Windows_10-X86_64.7z in 7.19680830
2023-11-02 08:30:23,165 - aqt.helper - DEBUG - helper 7404 Attempt to download checksum at https://download.qt.io/online/qtsdkrepository/windows_x86/desktop/qt5_5150/qt.qt5.5150.win64_msvc2019_64/5.15.0-0-202005150700qtserialport-Windows-Windows_10-MSVC2019-Windows-Windows_10-X86_64.7z.sha256
2023-11-02 08:30:23,274 - aqt.helper - INFO - helper 16172 Downloading qtquickcontrols2...
2023-11-02 08:30:23,274 - aqt.installer - DEBUG - installer 16172 Download URL: https://download.qt.io/online/qtsdkrepository/windows_x86/desktop/qt5_5150/qt.qt5.5150.win64_msvc2019_64/5.15.0-0-202005150700qtquickcontrols2-Windows-Windows_10-MSVC2019-Windows-Windows_10-X86_64.7z
2023-11-02 08:30:23,649 - aqt.helper - DEBUG - helper 16344 Asked to redirect(302) to: https://mirrors.cloud.tencent.com/qt/online/qtsdkrepository/windows_x86/desktop/qt5_5150/qt.qt5.5150.win64_msvc2019_64/5.15.0-0-202005150700qt3d-Windows-Windows_10-MSVC2019-Windows-Windows_10-X86_64.7z
2023-11-02 08:30:23,649 - aqt.helper - INFO - helper 16344 Redirected: mirrors.cloud.tencent.com
2023-11-02 08:30:24,711 - aqt.helper - INFO - helper 7404 Downloading qtserialport...
2023-11-02 08:30:24,711 - aqt.installer - DEBUG - installer 7404 Download URL: https://download.qt.io/online/qtsdkrepository/windows_x86/desktop/qt5_5150/qt.qt5.5150.win64_msvc2019_64/5.15.0-0-202005150700qtserialport-Windows-Windows_10-MSVC2019-Windows-Windows_10-X86_64.7z
2023-11-02 08:30:24,852 - aqt.helper - DEBUG - helper 16172 Asked to redirect(302) to: https://mirrors.cloud.tencent.com/qt/online/qtsdkrepository/windows_x86/desktop/qt5_5150/qt.qt5.5150.win64_msvc2019_64/5.15.0-0-202005150700qtquickcontrols2-Windows-Windows_10-MSVC2019-Windows-Windows_10-X86_64.7z
2023-11-02 08:30:24,852 - aqt.helper - INFO - helper 16172 Redirected: mirrors.cloud.tencent.com
2023-11-02 08:30:26,289 - aqt.helper - DEBUG - helper 7404 Asked to redirect(302) to: https://mirrors.cloud.tencent.com/qt/online/qtsdkrepository/windows_x86/desktop/qt5_5150/qt.qt5.5150.win64_msvc2019_64/5.15.0-0-202005150700qtserialport-Windows-Windows_10-MSVC2019-Windows-Windows_10-X86_64.7z
2023-11-02 08:30:26,289 - aqt.helper - INFO - helper 7404 Redirected: mirrors.cloud.tencent.com
2023-11-02 08:30:26,773 - aqt.installer - INFO - installer 16300 Finished installation of qttools-Windows-Windows_10-MSVC2019-Windows-Windows_10-X86_64.7z in 15.61994510
2023-11-02 08:30:26,789 - aqt.helper - DEBUG - helper 16300 Attempt to download checksum at https://download.qt.io/online/qtsdkrepository/windows_x86/desktop/qt5_5150/qt.qt5.5150.win64_msvc2019_64/5.15.0-0-202005150700qtserialbus-Windows-Windows_10-MSVC2019-Windows-Windows_10-X86_64.7z.sha256
2023-11-02 08:30:27,539 - aqt.installer - INFO - installer 7404 Finished installation of qtserialport-Windows-Windows_10-MSVC2019-Windows-Windows_10-X86_64.7z in 4.37661210
2023-11-02 08:30:27,555 - aqt.helper - DEBUG - helper 7404 Attempt to download checksum at https://download.qt.io/online/qtsdkrepository/windows_x86/desktop/qt5_5150/qt.qt5.5150.win64_msvc2019_64/5.15.0-0-202005150700qtgamepad-Windows-Windows_10-MSVC2019-Windows-Windows_10-X86_64.7z.sha256
2023-11-02 08:30:28,023 - aqt.helper - INFO - helper 16300 Downloading qtserialbus...
2023-11-02 08:30:28,023 - aqt.installer - DEBUG - installer 16300 Download URL: https://download.qt.io/online/qtsdkrepository/windows_x86/desktop/qt5_5150/qt.qt5.5150.win64_msvc2019_64/5.15.0-0-202005150700qtserialbus-Windows-Windows_10-MSVC2019-Windows-Windows_10-X86_64.7z
2023-11-02 08:30:28,492 - aqt.installer - INFO - installer 16344 Finished installation of qt3d-Windows-Windows_10-MSVC2019-Windows-Windows_10-X86_64.7z in 8.10930980
2023-11-02 08:30:28,507 - aqt.helper - DEBUG - helper 16344 Attempt to download checksum at https://download.qt.io/online/qtsdkrepository/windows_x86/desktop/qt5_5150/qt.qt5.5150.win64_msvc2019_64/5.15.0-0-202005150700qtwebview-Windows-Windows_10-MSVC2019-Windows-Windows_10-X86_64.7z.sha256
2023-11-02 08:30:28,960 - aqt.helper - DEBUG - helper 16300 Asked to redirect(302) to: https://mirrors.cloud.tencent.com/qt/online/qtsdkrepository/windows_x86/desktop/qt5_5150/qt.qt5.5150.win64_msvc2019_64/5.15.0-0-202005150700qtserialbus-Windows-Windows_10-MSVC2019-Windows-Windows_10-X86_64.7z
2023-11-02 08:30:28,960 - aqt.helper - INFO - helper 16300 Redirected: mirrors.cloud.tencent.com
2023-11-02 08:30:29,476 - aqt.helper - INFO - helper 16344 Downloading qtwebview...
2023-11-02 08:30:29,476 - aqt.installer - DEBUG - installer 16344 Download URL: https://download.qt.io/online/qtsdkrepository/windows_x86/desktop/qt5_5150/qt.qt5.5150.win64_msvc2019_64/5.15.0-0-202005150700qtwebview-Windows-Windows_10-MSVC2019-Windows-Windows_10-X86_64.7z
2023-11-02 08:30:29,538 - aqt.helper - INFO - helper 7404 Downloading qtgamepad...
2023-11-02 08:30:29,538 - aqt.installer - DEBUG - installer 7404 Download URL: https://download.qt.io/online/qtsdkrepository/windows_x86/desktop/qt5_5150/qt.qt5.5150.win64_msvc2019_64/5.15.0-0-202005150700qtgamepad-Windows-Windows_10-MSVC2019-Windows-Windows_10-X86_64.7z
2023-11-02 08:30:29,820 - aqt.installer - INFO - installer 16172 Finished installation of qtquickcontrols2-Windows-Windows_10-MSVC2019-Windows-Windows_10-X86_64.7z in 8.10535900
2023-11-02 08:30:29,820 - aqt.helper - DEBUG - helper 16172 Attempt to download checksum at https://download.qt.io/online/qtsdkrepository/windows_x86/desktop/qt5_5150/qt.qt5.5150.win64_msvc2019_64/5.15.0-0-202005150700qtremoteobjects-Windows-Windows_10-MSVC2019-Windows-Windows_10-X86_64.7z.sha256
2023-11-02 08:30:30,335 - aqt.helper - DEBUG - helper 16344 Asked to redirect(302) to: https://mirrors.cloud.tencent.com/qt/online/qtsdkrepository/windows_x86/desktop/qt5_5150/qt.qt5.5150.win64_msvc2019_64/5.15.0-0-202005150700qtwebview-Windows-Windows_10-MSVC2019-Windows-Windows_10-X86_64.7z
2023-11-02 08:30:30,335 - aqt.helper - INFO - helper 16344 Redirected: mirrors.cloud.tencent.com
2023-11-02 08:30:30,460 - aqt.helper - DEBUG - helper 7404 Asked to redirect(302) to: https://mirrors.cloud.tencent.com/qt/online/qtsdkrepository/windows_x86/desktop/qt5_5150/qt.qt5.5150.win64_msvc2019_64/5.15.0-0-202005150700qtgamepad-Windows-Windows_10-MSVC2019-Windows-Windows_10-X86_64.7z
2023-11-02 08:30:30,460 - aqt.helper - INFO - helper 7404 Redirected: mirrors.cloud.tencent.com
2023-11-02 08:30:30,866 - aqt.helper - INFO - helper 16172 Downloading qtremoteobjects...
2023-11-02 08:30:30,866 - aqt.installer - DEBUG - installer 16172 Download URL: https://download.qt.io/online/qtsdkrepository/windows_x86/desktop/qt5_5150/qt.qt5.5150.win64_msvc2019_64/5.15.0-0-202005150700qtremoteobjects-Windows-Windows_10-MSVC2019-Windows-Windows_10-X86_64.7z
2023-11-02 08:30:30,898 - aqt.installer - INFO - installer 16344 Finished installation of qtwebview-Windows-Windows_10-MSVC2019-Windows-Windows_10-X86_64.7z in 2.38388880
2023-11-02 08:30:30,913 - aqt.helper - DEBUG - helper 16344 Attempt to download checksum at https://download.qt.io/online/qtsdkrepository/windows_x86/desktop/qt5_5150/qt.qt5.5150.win64_msvc2019_64/5.15.0-0-202005150700opengl32sw-64-mesa_12_0_rc2.7z.sha256
2023-11-02 08:30:31,257 - aqt.installer - INFO - installer 7404 Finished installation of qtgamepad-Windows-Windows_10-MSVC2019-Windows-Windows_10-X86_64.7z in 3.69554590
2023-11-02 08:30:31,257 - aqt.helper - DEBUG - helper 7404 Attempt to download checksum at https://download.qt.io/online/qtsdkrepository/windows_x86/desktop/qt5_5150/qt.qt5.5150.win64_msvc2019_64/5.15.0-0-202005150700qtspeech-Windows-Windows_10-MSVC2019-Windows-Windows_10-X86_64.7z.sha256
2023-11-02 08:30:31,725 - aqt.helper - DEBUG - helper 16172 Asked to redirect(302) to: https://mirrors.cloud.tencent.com/qt/online/qtsdkrepository/windows_x86/desktop/qt5_5150/qt.qt5.5150.win64_msvc2019_64/5.15.0-0-202005150700qtremoteobjects-Windows-Windows_10-MSVC2019-Windows-Windows_10-X86_64.7z
2023-11-02 08:30:31,725 - aqt.helper - INFO - helper 16172 Redirected: mirrors.cloud.tencent.com
2023-11-02 08:30:31,850 - aqt.helper - INFO - helper 16344 Downloading opengl32sw...
2023-11-02 08:30:31,850 - aqt.installer - DEBUG - installer 16344 Download URL: https://download.qt.io/online/qtsdkrepository/windows_x86/desktop/qt5_5150/qt.qt5.5150.win64_msvc2019_64/5.15.0-0-202005150700opengl32sw-64-mesa_12_0_rc2.7z
2023-11-02 08:30:32,147 - aqt.helper - INFO - helper 7404 Downloading qtspeech...
2023-11-02 08:30:32,147 - aqt.installer - DEBUG - installer 7404 Download URL: https://download.qt.io/online/qtsdkrepository/windows_x86/desktop/qt5_5150/qt.qt5.5150.win64_msvc2019_64/5.15.0-0-202005150700qtspeech-Windows-Windows_10-MSVC2019-Windows-Windows_10-X86_64.7z
2023-11-02 08:30:33,147 - aqt.installer - INFO - installer 16172 Finished installation of qtremoteobjects-Windows-Windows_10-MSVC2019-Windows-Windows_10-X86_64.7z in 3.31512640
2023-11-02 08:30:33,147 - aqt.helper - DEBUG - helper 16172 Attempt to download checksum at https://download.qt.io/online/qtsdkrepository/windows_x86/desktop/qt5_5150/qt.qt5.5150.win64_msvc2019_64/5.15.0-0-202005150700d3dcompiler_47-x64.7z.sha256
2023-11-02 08:30:33,272 - aqt.helper - DEBUG - helper 16344 Asked to redirect(302) to: https://mirrors.cloud.tencent.com/qt/online/qtsdkrepository/windows_x86/desktop/qt5_5150/qt.qt5.5150.win64_msvc2019_64/5.15.0-0-202005150700opengl32sw-64-mesa_12_0_rc2.7z
2023-11-02 08:30:33,272 - aqt.helper - INFO - helper 16344 Redirected: mirrors.cloud.tencent.com
2023-11-02 08:30:33,725 - aqt.helper - DEBUG - helper 7404 Asked to redirect(302) to: https://mirrors.cloud.tencent.com/qt/online/qtsdkrepository/windows_x86/desktop/qt5_5150/qt.qt5.5150.win64_msvc2019_64/5.15.0-0-202005150700qtspeech-Windows-Windows_10-MSVC2019-Windows-Windows_10-X86_64.7z
2023-11-02 08:30:33,725 - aqt.helper - INFO - helper 7404 Redirected: mirrors.cloud.tencent.com
2023-11-02 08:30:34,038 - aqt.helper - INFO - helper 16172 Downloading d3dcompiler_47...
2023-11-02 08:30:34,038 - aqt.installer - DEBUG - installer 16172 Download URL: https://download.qt.io/online/qtsdkrepository/windows_x86/desktop/qt5_5150/qt.qt5.5150.win64_msvc2019_64/5.15.0-0-202005150700d3dcompiler_47-x64.7z
2023-11-02 08:30:34,147 - aqt.installer - INFO - installer 7404 Finished installation of qtspeech-Windows-Windows_10-MSVC2019-Windows-Windows_10-X86_64.7z in 2.88687540
2023-11-02 08:30:35,303 - aqt.helper - DEBUG - helper 16172 Asked to redirect(302) to: https://mirrors.cloud.tencent.com/qt/online/qtsdkrepository/windows_x86/desktop/qt5_5150/qt.qt5.5150.win64_msvc2019_64/5.15.0-0-202005150700d3dcompiler_47-x64.7z
2023-11-02 08:30:35,303 - aqt.helper - INFO - helper 16172 Redirected: mirrors.cloud.tencent.com
2023-11-02 08:30:35,662 - aqt.installer - INFO - installer 16300 Finished installation of qtserialbus-Windows-Windows_10-MSVC2019-Windows-Windows_10-X86_64.7z in 8.87520320
2023-11-02 08:30:35,678 - aqt.helper - DEBUG - helper 16300 Attempt to download checksum at https://download.qt.io/online/qtsdkrepository/windows_x86/desktop/qt5_5150/qt.qt5.5150.win64_msvc2019_64/5.15.0-0-202005150700qtscxml-Windows-Windows_10-MSVC2019-Windows-Windows_10-X86_64.7z.sha256
2023-11-02 08:30:35,818 - aqt.installer - INFO - installer 16344 Finished installation of opengl32sw-64-mesa_12_0_rc2.7z in 4.91394550
2023-11-02 08:30:35,834 - aqt.helper - DEBUG - helper 16344 Attempt to download checksum at https://download.qt.io/online/qtsdkrepository/windows_x86/desktop/qt5_5150/qt.qt5.5150.win64_msvc2019_64/5.15.0-0-202005150700qt-5.15.0-win32-msvc.7z.sha256
2023-11-02 08:30:36,349 - aqt.installer - INFO - installer 16172 Finished installation of d3dcompiler_47-x64.7z in 3.19897740
2023-11-02 08:30:36,615 - aqt.helper - INFO - helper 16300 Downloading qtscxml...
2023-11-02 08:30:36,615 - aqt.installer - DEBUG - installer 16300 Download URL: https://download.qt.io/online/qtsdkrepository/windows_x86/desktop/qt5_5150/qt.qt5.5150.win64_msvc2019_64/5.15.0-0-202005150700qtscxml-Windows-Windows_10-MSVC2019-Windows-Windows_10-X86_64.7z
2023-11-02 08:30:37,302 - aqt.helper - INFO - helper 16344 Downloading qt...
2023-11-02 08:30:37,318 - aqt.installer - DEBUG - installer 16344 Download URL: https://download.qt.io/online/qtsdkrepository/windows_x86/desktop/qt5_5150/qt.qt5.5150.win64_msvc2019_64/5.15.0-0-202005150700qt-5.15.0-win32-msvc.7z
2023-11-02 08:30:37,443 - aqt.helper - DEBUG - helper 16300 Asked to redirect(302) to: https://mirrors.cloud.tencent.com/qt/online/qtsdkrepository/windows_x86/desktop/qt5_5150/qt.qt5.5150.win64_msvc2019_64/5.15.0-0-202005150700qtscxml-Windows-Windows_10-MSVC2019-Windows-Windows_10-X86_64.7z
2023-11-02 08:30:37,443 - aqt.helper - INFO - helper 16300 Redirected: mirrors.cloud.tencent.com
2023-11-02 08:30:38,161 - aqt.installer - INFO - installer 16300 Finished installation of qtscxml-Windows-Windows_10-MSVC2019-Windows-Windows_10-X86_64.7z in 2.48673950
2023-11-02 08:30:38,240 - aqt.installer - INFO - installer 16344 Finished installation of qt-5.15.0-win32-msvc.7z in 2.40622740
2023-11-02 08:30:38,240 - aqt.installer - WARNING - installer 15988 Caught ArchiveDownloadError, terminating installer workers
2023-11-02 08:30:38,318 - aqt.main - ERROR - installer 15988 Download of 5.15.0-0-202005150700qtvirtualkeyboard-Windows-Windows_10-MSVC2019-Windows-Windows_10-X86_64.7z has error: ("Connection broken: ConnectionResetError(10054, 'An existing connection was forcibly closed by the remote host', None, 10054, None)", ConnectionResetError(10054, 'An existing connection was forcibly closed by the remote host', None, 10054, None))
